<?xml version="1.0" encoding="UTF-8"?>
<testng-results ignored="0" total="1" passed="1" failed="0" skipped="0">
  <reporter-output>
  </reporter-output>
  <suite started-at="2024-10-03T12:58:54 IST" name="Default suite" finished-at="2024-10-03T12:59:43 IST" duration-ms="49465">
    <groups>
    </groups>
    <test started-at="2024-10-03T12:58:54 IST" name="Default test" finished-at="2024-10-03T12:59:43 IST" duration-ms="49465">
      <class name="assignment.Test_4">
        <test-method is-config="true" signature="setUp()[pri:0, instance:assignment.Test_4@67f639d3]" started-at="2024-10-03T12:58:54 IST" name="setUp" finished-at="2024-10-03T12:59:37 IST" duration-ms="43317" status="PASS">
          <reporter-output>
          </reporter-output>
        </test-method> <!-- setUp -->
        <test-method signature="testLogin()[pri:0, instance:assignment.Test_4@67f639d3]" started-at="2024-10-03T12:59:37 IST" name="testLogin" finished-at="2024-10-03T12:59:40 IST" duration-ms="2579" status="PASS">
          <reporter-output>
          </reporter-output>
        </test-method> <!-- testLogin -->
        <test-method is-config="true" signature="tearDown()[pri:0, instance:assignment.Test_4@67f639d3]" started-at="2024-10-03T12:59:40 IST" name="tearDown" finished-at="2024-10-03T12:59:43 IST" duration-ms="3515" status="PASS">
          <reporter-output>
          </reporter-output>
        </test-method> <!-- tearDown -->
      </class> <!-- assignment.Test_4 -->
    </test> <!-- Default test -->
  </suite> <!-- Default suite -->
</testng-results>
